12:36:01 AM 20-08-2024 [31merror[39m: 	[31mError: /api/v1/users/login - POST - 400 - {"statusCode":400,"message":"Validation failed","data":null,"errors":[{"message":"Username must be at least 3 characters long","path":["username"]},{"message":"Password must be at least  characters long","path":["password"]},{"message":"Password must be contain at least one uppercase letter, one lowercase letter, and one number","path":["password"]}]}[39m
12:36:17 AM 20-08-2024 [31merror[39m: 	[31mError: /api/v1/users/login - POST - 400 - {"statusCode":400,"message":"Validation failed","data":null,"errors":[{"message":"Username must be at least 3 characters long","path":["username"]},{"message":"Password must be at least  characters long","path":["password"]},{"message":"Password must be contain at least one uppercase letter, one lowercase letter, and one number","path":["password"]}]}[39m
12:38:38 AM 20-08-2024 [31merror[39m: 	[31mError: /api/v1/users/login - POST - 400 - {"statusCode":400,"message":"Validation failed","data":null,"errors":[{"message":"Username must be at least 3 characters long","path":["username"]},{"message":"Password must be at least 6 characters long","path":["password"]},{"message":"Password must be contain at least one uppercase letter, one lowercase letter, and one number","path":["password"]}]}[39m
12:39:44 AM 20-08-2024 [31merror[39m: 	[31mError: /api/v1/users/login - POST - 400 - {"statusCode":400,"message":"Validation failed","data":null,"errors":[{"message":"Username must be at least 3 characters long","path":["username"]},{"message":"Password must be at least 6 characters long","path":["password"]},{"message":"Password must be contain at least one uppercase letter, one lowercase letter, and one number","path":["password"]}]}[39m
12:44:57 AM 20-08-2024 [31merror[39m: 	[31mError: /api/v1/customers - POST - 400 - {"statusCode":400,"message":"Validation failed","data":null,"errors":[{"message":"customerName name must be at least 5 characters long","path":["customerName"]},{"message":"customerName name must be at least 3 characters long","path":["contactLastName"]},{"message":"customerName name must be at least 3 characters long","path":["contactFirstName"]}]}[39m
12:45:34 AM 20-08-2024 [31merror[39m: 	[31mError: /api/v1/customers - POST - 400 - {"statusCode":400,"message":"Validation failed","data":null,"errors":[{"message":"customerName name is required","path":["customerName"]},{"message":"customerName name is required","path":["contactLastName"]},{"message":"customerName name is required","path":["contactFirstName"]}]}[39m
12:55:50 AM 20-08-2024 [31merror[39m: 	[31mError: /api/v1/users/login - POST - 404 - {"statusCode":404,"message":"NOT_FOUND","data":null,"errors":{"name":"NOT_FOUND","statusCode":404,"isOperational":true}}[39m
01:00:51 AM 20-08-2024 [31merror[39m: 	[31mError: /api/v1/users/login - POST - 404 - {"statusCode":404,"message":"NOT_FOUND","data":null,"errors":{"name":"NOT_FOUND","statusCode":404,"isOperational":true,"message":"User not found"}}[39m
11:10:20 AM 20-08-2024 [31merror[39m: 	[31mError: /api/v1/employees - GET - 401 - {"statusCode":401,"message":"UNAUTHORIZED","data":null,"errors":{"name":"UNAUTHORIZED","statusCode":401,"isOperational":true,"message":"You need to bearer token"}}[39m
11:12:24 AM 20-08-2024 [31merror[39m: 	[31mError: /api/v1/employees - GET - 401 - {"statusCode":401,"message":"UNAUTHORIZED","data":null,"errors":"You need to bearer token"}[39m
11:12:41 AM 20-08-2024 [31merror[39m: 	[31mError: /api/v1/employees - GET - 401 - {"statusCode":401,"message":"UNAUTHORIZED","errors":"You need to bearer token"}[39m
11:13:05 AM 20-08-2024 [31merror[39m: 	[31mError: /api/v1/employees - GET - 401 - {"statusCode":401,"message":"UNAUTHORIZED","data":null,"errors":"You need to bearer token"}[39m
11:14:20 AM 20-08-2024 [31merror[39m: 	[31mError: /api/v1/employees - GET - 401 - {"statusCode":401,"message":"UNAUTHORIZED","data":null,"errors":"You need to bearer token"}[39m
11:14:21 AM 20-08-2024 [31merror[39m: 	[31mError: /api/v1/employees - GET - 401 - {"statusCode":401,"message":"UNAUTHORIZED","data":null,"errors":"You need to bearer token"}[39m
11:17:14 AM 20-08-2024 [31merror[39m: 	[31mError: /api/v1/employees - GET - 401 - {"statusCode":401,"message":"UNAUTHORIZED","data":null,"errors":"Your token is not valid"}[39m
11:20:08 AM 20-08-2024 [31merror[39m: 	[31mError: /api/v1/employees - GET - 401 - {"statusCode":401,"message":"UNAUTHORIZED","data":null,"errors":"Your token is not valid"}[39m
11:20:09 AM 20-08-2024 [31merror[39m: 	[31mError: /api/v1/employees - GET - 401 - {"statusCode":401,"message":"UNAUTHORIZED","data":null,"errors":"Your token is not valid"}[39m
03:58:13 PM 20-08-2024 [31merror[39m: 	[31mError: /api/v1/users/login - POST - 502 - {"statusCode":502,"message":"Something went wrong","data":null,"errors":{"expose":true,"statusCode":400,"status":400,"body":"\r\n\n\n\n\n\r\n\n\n\n\n\n\n\n\n\n\n\n","type":"entity.parse.failed"}}[39m
03:58:28 PM 20-08-2024 [31merror[39m: 	[31mError: /api/v1/users/login - POST - 404 - {"statusCode":404,"message":"NOT_FOUND","data":null,"errors":"Cannot find user with username system_admins"}[39m
03:59:10 PM 20-08-2024 [31merror[39m: 	[31mError: /api/v1/employees - GET - 401 - {"statusCode":401,"message":"UNAUTHORIZED","data":null,"errors":"You need to bearer token"}[39m
03:59:16 PM 20-08-2024 [31merror[39m: 	[31mError: /api/v1/employees - GET - 401 - {"statusCode":401,"message":"UNAUTHORIZED","data":null,"errors":"Your token is not valid"}[39m
03:59:26 PM 20-08-2024 [31merror[39m: 	[31mError: /api/v1/employees - GET - 401 - {"statusCode":401,"message":"UNAUTHORIZED","data":null,"errors":"Your token is not valid"}[39m
04:21:43 PM 20-08-2024 [31merror[39m: 	[31mError: /api/v1/users/login - POST - 400 - {"statusCode":400,"message":"Validation failed","data":null,"errors":[{"message":"Username must be at least 3 characters long","path":["username"]},{"message":"Password must be at least 6 characters long","path":["password"]},{"message":"Password must be contain at least one uppercase letter, one lowercase letter, and one number","path":["password"]}]}[39m
04:22:01 PM 20-08-2024 [31merror[39m: 	[31mError: /api/v1/users/login - POST - 400 - {"statusCode":400,"message":"Validation failed","data":null,"errors":[{"message":"Username must be at least 3 characters long","path":["username"]},{"message":"Password must be at least 6 characters long","path":["password"]},{"message":"Password must be contain at least one uppercase letter, one lowercase letter, and one number","path":["password"]}]}[39m
04:22:56 PM 20-08-2024 [31merror[39m: 	[31mError: /api/v1/users/login - POST - 404 - {"statusCode":404,"message":"NOT_FOUND","data":null,"errors":"Cannot find user with username system_staff22"}[39m
06:17:15 PM 20-08-2024 [31merror[39m: 	[31mError: /api/v1/users/register - POST - 400 - {"statusCode":400,"message":"Validation failed","data":null,"errors":[{"message":"Password must be contain at least one uppercase letter, one lowercase letter, and one number","path":["password"]},{"message":"\"employeeNumber\" is required","path":["employeeNumber"]},{"message":"\"role\" is not allowed","path":["role"]}]}[39m
06:18:06 PM 20-08-2024 [31merror[39m: 	[31mError: /api/v1/customers - GET - 401 - {"statusCode":401,"message":"UNAUTHORIZED","data":null,"errors":"You need to bearer token"}[39m
06:52:58 PM 20-08-2024 [31merror[39m: 	[31mError: /api/v1/users/login - POST - 404 - {"statusCode":404,"message":"NOT_FOUND","data":null,"errors":"Cannot find user with username system_staff22"}[39m
06:53:16 PM 20-08-2024 [31merror[39m: 	[31mError: /api/v1/users/login - POST - 401 - {"statusCode":401,"message":"UNAUTHORIZED","data":null,"errors":"Password not correct with username system_staff2"}[39m
06:53:27 PM 20-08-2024 [31merror[39m: 	[31mError: /api/v1/users/login - POST - 401 - {"statusCode":401,"message":"UNAUTHORIZED","data":null,"errors":"Password not correct with username system_staff2"}[39m
06:59:01 PM 20-08-2024 [31merror[39m: 	[31mError: /api/v1/users/login - POST - 401 - {"statusCode":401,"message":"UNAUTHORIZED","data":null,"errors":"Password not correct with username system_staff2"}[39m
07:16:31 PM 20-08-2024 [31merror[39m: 	[31mError: /api/v1/users/login - POST - 401 - {"statusCode":401,"message":"UNAUTHORIZED","data":null,"errors":"Password not correct with username system_staff2"}[39m
07:16:44 PM 20-08-2024 [31merror[39m: 	[31mError: /api/v1/employees - GET - 403 - {"statusCode":403,"message":"ACCESS_DENIED","data":null,"errors":"User does not have required permissions"}[39m
07:16:52 PM 20-08-2024 [31merror[39m: 	[31mError: /api/v1/employees - POST - 403 - {"statusCode":403,"message":"ACCESS_DENIED","data":null,"errors":"User does not have required permissions"}[39m
07:17:55 PM 20-08-2024 [31merror[39m: 	[31mError: /api/v1/employees - POST - 400 - {"statusCode":400,"message":"Validation failed","data":null,"errors":[{"message":"lastName must be at least 3 characters long","path":["lastName"]},{"message":"firstName is required","path":["firstName"]},{"message":"\"extension\" is required","path":["extension"]},{"message":"\"email\" is required","path":["email"]},{"message":"officeCode is required","path":["officeCode"]},{"message":"\"jobTitle\" is required","path":["jobTitle"]}]}[39m
07:18:17 PM 20-08-2024 [31merror[39m: 	[31mError: /api/v1/employees/100 - PUT - 400 - {"statusCode":400,"message":"Validation failed","data":null,"errors":[{"message":"lastName should not be changed","path":["lastName"]}]}[39m
07:18:42 PM 20-08-2024 [31merror[39m: 	[31mError: /api/v1/employees/100 - PUT - 502 - {"statusCode":502,"message":"Something went wrong","data":null,"errors":{"name":"PrismaClientKnownRequestError","code":"P2025","clientVersion":"5.18.0","meta":{"modelName":"Employee","cause":"Record to update not found."}}}[39m
07:23:11 PM 20-08-2024 [31merror[39m: 	[31mError: /api/v1/employees/100 - PUT - 400 - {"statusCode":400,"message":"PrismaClientKnownRequestError","data":null,"errors":"Record to update not found."}[39m
07:23:24 PM 20-08-2024 [31merror[39m: 	[31mError: /api/v1/employees/100 - PUT - 400 - {"statusCode":400,"message":"PrismaClientKnownRequestError","data":null,"errors":{"name":"PrismaClientKnownRequestError","code":"P2025","clientVersion":"5.18.0","meta":{"modelName":"Employee","cause":"Record to update not found."}}}[39m
07:24:10 PM 20-08-2024 [31merror[39m: 	[31mError: /api/v1/employees/100 - PUT - 400 - {"statusCode":400,"message":"PrismaClientKnownRequestError","data":null,"errors":"Record to update not found."}[39m
07:25:38 PM 20-08-2024 [31merror[39m: 	[31mError: /api/v1/employees/100 - PUT - 502 - {"statusCode":502,"message":"Something went wrong","data":null,"errors":{"name":"PrismaClientKnownRequestError","code":"P2025","clientVersion":"5.18.0","meta":{"modelName":"Employee","cause":"Record to update not found."}}}[39m
07:27:43 PM 20-08-2024 [31merror[39m: 	[31mError: /api/v1/employees/100 - DELETE - 401 - {"statusCode":401,"message":"UNAUTHORIZED","data":null,"errors":"You need to bearer token"}[39m
07:27:49 PM 20-08-2024 [31merror[39m: 	[31mError: /api/v1/employees/100 - DELETE - 401 - {"statusCode":401,"message":"UNAUTHORIZED","data":null,"errors":"Your token is not valid"}[39m
07:27:57 PM 20-08-2024 [31merror[39m: 	[31mError: /api/v1/employees/100 - DELETE - 502 - {"statusCode":502,"message":"Something went wrong","data":null,"errors":{"name":"PrismaClientKnownRequestError","code":"P2025","clientVersion":"5.18.0","meta":{"modelName":"Employee","cause":"Record to delete does not exist."}}}[39m
07:30:20 PM 20-08-2024 [31merror[39m: 	[31mError: /api/v1/employees/100 - DELETE - 502 - {"statusCode":502,"message":"Something went wrong","data":null,"errors":{"name":"JsonWebTokenError","message":"invalid signature"}}[39m
07:30:54 PM 20-08-2024 [31merror[39m: 	[31mError: /api/v1/employees/100 - DELETE - 401 - {"statusCode":401,"message":"UNAUTHORIZED","data":null,"errors":"invalid signature"}[39m
07:31:09 PM 20-08-2024 [31merror[39m: 	[31mError: /api/v1/employees/100 - DELETE - 502 - {"statusCode":502,"message":"Something went wrong","data":null,"errors":{"name":"PrismaClientKnownRequestError","code":"P2025","clientVersion":"5.18.0","meta":{"modelName":"Employee","cause":"Record to delete does not exist."}}}[39m
07:33:10 PM 20-08-2024 [31merror[39m: 	[31mError: /api/v1/employees/100 - DELETE - 401 - {"statusCode":401,"message":"UNAUTHORIZED","data":null,"errors":"jwt expired"}[39m
08:03:21 AM 21-08-2024 [31merror[39m: 	[31mError: /api/v1/employees - GET - 502 - {"statusCode":502,"message":"Something went wrong","data":null,"errors":{"name":"PrismaClientValidationError","clientVersion":"5.18.0"}}[39m
08:03:22 AM 21-08-2024 [31merror[39m: 	[31mError: /api/v1/employees - GET - 502 - {"statusCode":502,"message":"Something went wrong","data":null,"errors":{"name":"PrismaClientValidationError","clientVersion":"5.18.0"}}[39m
08:03:23 AM 21-08-2024 [31merror[39m: 	[31mError: /api/v1/employees - GET - 502 - {"statusCode":502,"message":"Something went wrong","data":null,"errors":{"name":"PrismaClientValidationError","clientVersion":"5.18.0"}}[39m
08:03:41 AM 21-08-2024 [31merror[39m: 	[31mError: /api/v1/employees - GET - 502 - {"statusCode":502,"message":"Something went wrong","data":null,"errors":{"name":"PrismaClientValidationError","clientVersion":"5.18.0"}}[39m
08:21:39 AM 21-08-2024 [31merror[39m: 	[31mError: /api/v1/employees/100 - PUT - 401 - {"statusCode":401,"message":"UNAUTHORIZED","data":null,"errors":"jwt expired"}[39m
08:21:46 AM 21-08-2024 [31merror[39m: 	[31mError: /api/v1/employees/100 - PUT - 400 - {"statusCode":400,"message":"Validation failed","data":null,"errors":[{"message":"lastName should not be changed","path":["lastName"]}]}[39m
08:22:16 AM 21-08-2024 [31merror[39m: 	[31mError: /api/v1/employees/100 - PUT - 400 - {"statusCode":400,"message":"Validation failed","data":null,"errors":[{"message":"lastName should not be changed","path":["lastName"]},{"message":"\"a\" is not allowed","path":["a"]}]}[39m
10:54:48 AM 21-08-2024 [31merror[39m: 	[31mError: /api/v1/employees/100 - PUT - 401 - {"statusCode":401,"message":"UNAUTHORIZED","data":null,"errors":"jwt expired"}[39m
10:55:03 AM 21-08-2024 [31merror[39m: 	[31mError: /api/v1/users/login - POST - 400 - {"statusCode":400,"message":"Validation failed","data":null,"errors":[{"message":"\"username\" is required","path":["username"]},{"message":"\"password\" is required","path":["password"]}]}[39m
11:07:28 AM 21-08-2024 [31merror[39m: 	[31mError: /api/v1/users/login - POST - 400 - {"statusCode":400,"message":"Validation failed","data":null,"errors":[{"message":"\"username\" is required","path":["username"]},{"message":"\"password\" is required","path":["password"]}]}[39m
03:58:08 PM 21-08-2024 [31merror[39m: 	[31mError: /api/v1/users/login - POST - 502 - {"statusCode":502,"message":"SOME THING WENT WRONG","data":null,"errors":{"expose":true,"statusCode":400,"status":400,"body":"\r\n{\r\n    \n    \n}\r\n\r\n\n\n\n\n\n\n\n\n{\r\n    \"username\": \"system_staff2\",\r\n    \"password\": \"Admin@123\"\r\n}\r\n\r\n\n\n\n","type":"entity.parse.failed"}}[39m
03:58:50 PM 21-08-2024 [31merror[39m: 	[31mError: /api/v1/employees - GET - 403 - {"statusCode":403,"message":"ACCESS DENIED","data":null,"errors":"User does not have required permissions"}[39m
03:58:54 PM 21-08-2024 [31merror[39m: 	[31mError: /api/v1/employees - POST - 403 - {"statusCode":403,"message":"ACCESS DENIED","data":null,"errors":"User does not have required permissions"}[39m
03:59:17 PM 21-08-2024 [31merror[39m: 	[31mError: /api/v1/customers - POST - 400 - {"statusCode":400,"message":"Validation failed","data":null,"errors":[{"message":"customerName name must be at least 5 characters long","path":["customerName"]},{"message":"customerName name must be at least 3 characters long","path":["contactLastName"]},{"message":"customerName name must be at least 3 characters long","path":["contactFirstName"]}]}[39m
04:00:00 PM 21-08-2024 [31merror[39m: 	[31mError: /api/v1/customers - POST - 401 - {"statusCode":401,"message":"UNAUTHORIZED","data":null,"errors":"jwt expired"}[39m
04:00:08 PM 21-08-2024 [31merror[39m: 	[31mError: /api/v1/customers - POST - 401 - {"statusCode":401,"message":"UNAUTHORIZED","data":null,"errors":"Staff can only create their own customer, provide a valid employee number"}[39m
04:01:56 PM 21-08-2024 [31merror[39m: 	[31mError: /api/v1/customers - GET - 401 - {"statusCode":401,"message":"UNAUTHORIZED","data":null,"errors":"jwt expired"}[39m
04:04:22 PM 21-08-2024 [31merror[39m: 	[31mError: /api/v1/customers/2 - PUT - 403 - {"statusCode":403,"message":"ACCESS DENIED","data":null,"errors":"User does not have required permissions"}[39m
04:04:25 PM 21-08-2024 [31merror[39m: 	[31mError: /api/v1/customers/2 - PUT - 403 - {"statusCode":403,"message":"ACCESS DENIED","data":null,"errors":"User does not have required permissions"}[39m
04:04:57 PM 21-08-2024 [31merror[39m: 	[31mError: /api/v1/users/login - POST - 404 - {"statusCode":404,"message":"NOT FOUND","data":null,"errors":"Cannot find user with username system_leader"}[39m
04:07:31 PM 21-08-2024 [31merror[39m: 	[31mError: /api/v1/employees/:id - PUT - 403 - {"statusCode":403,"message":"ACCESS DENIED","data":null,"errors":"User does not have required permissions"}[39m
04:07:35 PM 21-08-2024 [31merror[39m: 	[31mError: /api/v1/employees/6 - PUT - 403 - {"statusCode":403,"message":"ACCESS DENIED","data":null,"errors":"User does not have required permissions"}[39m
04:08:06 PM 21-08-2024 [31merror[39m: 	[31mError: /api/v1/employees/6 - PUT - 400 - {"statusCode":400,"message":"Validation failed","data":null,"errors":[{"message":"lastName should not be changed","path":["lastName"]}]}[39m
04:08:56 PM 21-08-2024 [31merror[39m: 	[31mError: /api/v1/customers - POST - 401 - {"statusCode":401,"message":"UNAUTHORIZED","data":null,"errors":"You don't have permission to create | update | delete customer of employee out of your office"}[39m
04:09:21 PM 21-08-2024 [31merror[39m: 	[31mError: /api/v1/customers/1 - PUT - 502 - {"statusCode":502,"message":"SOME THING WENT WRONG","data":null,"errors":{"name":"PrismaClientKnownRequestError","code":"P2025","clientVersion":"5.18.0","meta":{"modelName":"Customer","cause":"Record to update not found."}}}[39m
04:09:30 PM 21-08-2024 [31merror[39m: 	[31mError: /api/v1/customers/2 - PUT - 502 - {"statusCode":502,"message":"SOME THING WENT WRONG","data":null,"errors":{"name":"PrismaClientKnownRequestError","code":"P2025","clientVersion":"5.18.0","meta":{"modelName":"Customer","cause":"Record to update not found."}}}[39m
11:38:37 PM 21-08-2024 [31merror[39m: 	[31mError: /api/v1/users/login - POST - 502 - {"statusCode":502,"message":"SOME THING WENT WRONG","data":null,"errors":{"name":"PrismaClientValidationError","clientVersion":"5.18.0"}}[39m
11:39:20 PM 21-08-2024 [31merror[39m: 	[31mError: /api/v1/users/login - POST - 502 - {"statusCode":502,"message":"SOME THING WENT WRONG","data":null,"errors":{"name":"PrismaClientValidationError","clientVersion":"5.18.0"}}[39m
11:43:11 PM 21-08-2024 [31merror[39m: 	[31mError: /api/v1/users/login - POST - 502 - {"statusCode":502,"message":"SOME THING WENT WRONG","data":null,"errors":{"name":"PrismaClientValidationError","clientVersion":"5.18.0"}}[39m
11:43:11 PM 21-08-2024 [31merror[39m: 	[31mError: /api/v1/users/login - POST - 502 - {"statusCode":502,"message":"SOME THING WENT WRONG","data":null,"errors":{"name":"PrismaClientValidationError","clientVersion":"5.18.0"}}[39m
11:44:33 PM 21-08-2024 [31merror[39m: 	[31mError: /api/v1/users/login - POST - 502 - {"statusCode":502,"message":"SOME THING WENT WRONG","data":null,"errors":{"name":"PrismaClientValidationError","clientVersion":"5.18.0"}}[39m
11:44:34 PM 21-08-2024 [31merror[39m: 	[31mError: /api/v1/users/login - POST - 502 - {"statusCode":502,"message":"SOME THING WENT WRONG","data":null,"errors":{"name":"PrismaClientValidationError","clientVersion":"5.18.0"}}[39m
11:45:01 PM 21-08-2024 [31merror[39m: 	[31mError: /api/v1/users/login - POST - 502 - {"statusCode":502,"message":"SOME THING WENT WRONG","data":null,"errors":{"name":"PrismaClientValidationError","clientVersion":"5.18.0"}}[39m
11:45:35 PM 21-08-2024 [31merror[39m: 	[31mError: /api/v1/users/login - POST - 502 - {"statusCode":502,"message":"SOME THING WENT WRONG","data":null,"errors":{"name":"PrismaClientValidationError","clientVersion":"5.18.0"}}[39m
11:46:26 PM 21-08-2024 [31merror[39m: 	[31mError: /api/v1/users/login - POST - 502 - {"statusCode":502,"message":"SOME THING WENT WRONG","data":null,"errors":{"name":"PrismaClientValidationError","clientVersion":"5.18.0"}}[39m
11:47:23 PM 21-08-2024 [31merror[39m: 	[31mError: /api/v1/users/login - POST - 502 - {"statusCode":502,"message":"SOME THING WENT WRONG","data":null,"errors":{"name":"PrismaClientValidationError","clientVersion":"5.18.0"}}[39m
12:24:09 AM 22-08-2024 [31merror[39m: 	[31mError: /api/v1/users/login - POST - 502 - {"statusCode":502,"message":"SOME THING WENT WRONG","data":null,"errors":{}}[39m
12:24:11 AM 22-08-2024 [31merror[39m: 	[31mError: /api/v1/users/login - POST - 502 - {"statusCode":502,"message":"SOME THING WENT WRONG","data":null,"errors":{}}[39m
12:24:33 AM 22-08-2024 [31merror[39m: 	[31mError: /api/v1/users/login - POST - 502 - {"statusCode":502,"message":"SOME THING WENT WRONG","data":null,"errors":{}}[39m
12:24:53 AM 22-08-2024 [31merror[39m: 	[31mError: /api/v1/users/login - POST - 502 - {"statusCode":502,"message":"SOME THING WENT WRONG","data":null,"errors":{}}[39m
12:24:54 AM 22-08-2024 [31merror[39m: 	[31mError: /api/v1/users/login - POST - 502 - {"statusCode":502,"message":"SOME THING WENT WRONG","data":null,"errors":{}}[39m
12:29:27 AM 22-08-2024 [31merror[39m: 	[31mError: /api/v1/users/login - POST - 502 - {"statusCode":502,"message":"SOME THING WENT WRONG","data":null,"errors":{}}[39m
12:29:28 AM 22-08-2024 [31merror[39m: 	[31mError: /api/v1/users/login - POST - 502 - {"statusCode":502,"message":"SOME THING WENT WRONG","data":null,"errors":{}}[39m
12:32:12 AM 22-08-2024 [31merror[39m: 	[31mError: /api/v1/users/login - POST - 502 - {"statusCode":502,"message":"SOME THING WENT WRONG","data":null,"errors":{}}[39m
12:32:15 AM 22-08-2024 [31merror[39m: 	[31mError: /api/v1/users/login - POST - 502 - {"statusCode":502,"message":"SOME THING WENT WRONG","data":null,"errors":{}}[39m
12:34:02 AM 22-08-2024 [31merror[39m: 	[31mError: /api/v1/users/login - POST - 502 - {"statusCode":502,"message":"SOME THING WENT WRONG","data":null,"errors":{}}[39m
12:34:03 AM 22-08-2024 [31merror[39m: 	[31mError: /api/v1/users/login - POST - 502 - {"statusCode":502,"message":"SOME THING WENT WRONG","data":null,"errors":{}}[39m
12:37:31 AM 22-08-2024 [31merror[39m: 	[31mError: /api/v1/users/login - POST - 502 - {"statusCode":502,"message":"SOME THING WENT WRONG","data":null,"errors":{}}[39m
12:38:21 AM 22-08-2024 [31merror[39m: 	[31mError: /api/v1/users/login - POST - 502 - {"statusCode":502,"message":"SOME THING WENT WRONG","data":null,"errors":{}}[39m
12:38:22 AM 22-08-2024 [31merror[39m: 	[31mError: /api/v1/users/login - POST - 502 - {"statusCode":502,"message":"SOME THING WENT WRONG","data":null,"errors":{}}[39m
12:47:29 AM 22-08-2024 [31merror[39m: 	[31mError: /api/v1/employees - GET - 403 - {"statusCode":403,"message":"ACCESS DENIED","data":null,"errors":"User does not have required permissions"}[39m
12:47:37 AM 22-08-2024 [31merror[39m: 	[31mError: /api/v1/customers/11 - DELETE - 403 - {"statusCode":403,"message":"ACCESS DENIED","data":null,"errors":"User does not have required permissions"}[39m
01:01:44 AM 22-08-2024 [31merror[39m: 	[31mError: /api/v1/employees/1 - DELETE - 403 - {"statusCode":403,"message":"ACCESS DENIED","data":null,"errors":"Cannot delete employee with id 1 (Root User)"}[39m
01:06:02 AM 22-08-2024 [31merror[39m: 	[31mError: /api/v1/employees/1 - DELETE - 401 - {"statusCode":401,"message":"UNAUTHORIZED","data":null,"errors":"jwt expired"}[39m
01:06:09 AM 22-08-2024 [31merror[39m: 	[31mError: /api/v1/employees/1 - DELETE - 403 - {"statusCode":403,"message":"ACCESS DENIED","data":null,"errors":"Cannot change employee with id 1 (Root User)"}[39m
01:11:42 AM 22-08-2024 [31merror[39m: 	[31mError: /api/v1/employees/1 - DELETE - 403 - {"statusCode":403,"message":"ACCESS DENIED","data":null,"errors":"Cannot change employee with id 1 (Root User)"}[39m
01:11:43 AM 22-08-2024 [31merror[39m: 	[31mError: /api/v1/employees/1 - DELETE - 403 - {"statusCode":403,"message":"ACCESS DENIED","data":null,"errors":"Cannot change employee with id 1 (Root User)"}[39m
